#
# There is insufficient memory for the Java Runtime Environment to continue.
# Native memory allocation (malloc) failed to allocate 32744 bytes for ChunkPool::allocate
# Possible reasons:
#   The system is out of physical RAM or swap space
#   In 32 bit mode, the process size limit was hit
# Possible solutions:
#   Reduce memory load on the system
#   Increase physical memory or swap space
#   Check if swap backing store is full
#   Use 64 bit Java on a 64 bit OS
#   Decrease Java heap size (-Xmx/-Xms)
#   Decrease number of Java threads
#   Decrease Java thread stack sizes (-Xss)
#   Set larger code cache with -XX:ReservedCodeCacheSize=
# This output file may be truncated or incomplete.
#
#  Out of Memory Error (allocation.cpp:273), pid=13164, tid=0x00000000000013d8
#
# JRE version: OpenJDK Runtime Environment (8.0_152-b12) (build 1.8.0_152-release-915-b12)
# Java VM: OpenJDK 64-Bit Server VM (25.152-b12 mixed mode windows-amd64 compressed oops)
# Failed to write core dump. Minidumps are not enabled by default on client versions of Windows
#

---------------  T H R E A D  ---------------

Current thread (0x000000001606b000):  JavaThread "C2 CompilerThread0" daemon [_thread_in_native, id=5080, stack(0x0000000016710000,0x0000000016810000)]

Stack: [0x0000000016710000,0x0000000016810000]
[error occurred during error reporting (printing stack bounds), id 0xc0000005]

Native frames: (J=compiled Java code, j=interpreted, Vv=VM code, C=native code)


Current CompileTask:
C2:5579678 45971   !   4       a.d.a.D::c (436 bytes)


---------------  P R O C E S S  ---------------

Java Threads: ( => current thread )
  0x000000003587d800 JavaThread "ApplicationImpl pooled thread 145" daemon [_thread_blocked, id=7740, stack(0x000000002c420000,0x000000002c520000)]
  0x000000003587e800 JavaThread "ApplicationImpl pooled thread 144" daemon [_thread_blocked, id=12360, stack(0x000000002c220000,0x000000002c320000)]
  0x0000000035878000 JavaThread "ApplicationImpl pooled thread 143" daemon [_thread_blocked, id=5112, stack(0x00000000272c0000,0x00000000273c0000)]
  0x000000001a98a800 JavaThread "RMI TCP Connection(202)-127.0.0.1" daemon [_thread_in_native, id=564, stack(0x000000007fb10000,0x000000007fc10000)]
  0x0000000035877800 JavaThread "ApplicationImpl pooled thread 140" daemon [_thread_blocked, id=13288, stack(0x000000007f910000,0x000000007fa10000)]
  0x0000000035870800 JavaThread "ApplicationImpl pooled thread 131" daemon [_thread_blocked, id=13104, stack(0x0000000052e90000,0x0000000052f90000)]
  0x0000000035874800 JavaThread "ApplicationImpl pooled thread 130" daemon [_thread_in_native, id=1368, stack(0x0000000052690000,0x0000000052790000)]
  0x0000000021ab4800 JavaThread "pool-10-thread-1" [_thread_blocked, id=12500, stack(0x000000004e390000,0x000000004e490000)]
  0x0000000021ab1800 JavaThread "Connector-Local" [_thread_in_native, id=12520, stack(0x000000004e290000,0x000000004e390000)]
  0x0000000021ab6000 JavaThread "pool-11-thread-1" [_thread_blocked, id=12692, stack(0x000000004e190000,0x000000004e290000)]
  0x0000000021ab0800 JavaThread "Thread-6" daemon [_thread_in_native, id=12188, stack(0x000000004e090000,0x000000004e190000)]
  0x0000000021ab2000 JavaThread "ApplicationImpl pooled thread 113" [_thread_in_Java, id=6308, stack(0x0000000049e90000,0x0000000049f90000)]
  0x000000001b3ca800 JavaThread "SwingWorker-pool-7-thread-2" daemon [_thread_blocked, id=12256, stack(0x000000003cf90000,0x000000003d090000)]
  0x000000001b3c0000 JavaThread "SwingWorker-pool-7-thread-1" daemon [_thread_blocked, id=2544, stack(0x000000003ce90000,0x000000003cf90000)]
  0x0000000021398800 JavaThread "Netty threadDeathWatcher-2-1" daemon [_thread_blocked, id=11884, stack(0x0000000033c20000,0x0000000033d20000)]
  0x000000001b3cc000 JavaThread "RMI RenewClean-[localhost:61056]" daemon [_thread_blocked, id=10604, stack(0x000000002c520000,0x000000002c620000)]
  0x000000001b3cb000 JavaThread "RMI Scheduler(0)" daemon [_thread_blocked, id=11420, stack(0x000000002c320000,0x000000002c420000)]
  0x000000001b3c9000 JavaThread "GC Daemon" daemon [_thread_blocked, id=1312, stack(0x000000002bf20000,0x000000002c020000)]
  0x000000001b3c8000 JavaThread "RMI Reaper" [_thread_blocked, id=9768, stack(0x000000002be20000,0x000000002bf20000)]
  0x000000001b3bf000 JavaThread "RMI TCP Accept-0" daemon [_thread_in_native, id=11720, stack(0x000000002bd20000,0x000000002be20000)]
  0x000000001c694000 JavaThread "BaseDataReader: output stream of java" [_thread_blocked, id=204, stack(0x000000002a7c0000,0x000000002a8c0000)]
  0x000000002139e800 JavaThread "BaseDataReader: error stream of java" [_thread_blocked, id=2148, stack(0x000000002a6c0000,0x000000002a7c0000)]
  0x00000000213a4800 JavaThread "ProcessWaitFor: java" [_thread_in_native, id=9804, stack(0x000000002a5c0000,0x000000002a6c0000)]
  0x000000001c693000 JavaThread "TimerQueue" daemon [_thread_blocked, id=12460, stack(0x0000000022360000,0x0000000022460000)]
  0x000000001c696000 JavaThread "Netty Builtin Server 2" daemon [_thread_in_native, id=4740, stack(0x0000000022260000,0x0000000022360000)]
  0x0000000017df3800 JavaThread "BaseDataReader: error stream of fsnotifier64.exe" [_thread_in_native, id=12280, stack(0x000000001d5a0000,0x000000001d6a0000)]
  0x00000000181a5800 JavaThread "BaseDataReader: output stream of fsnotifier64.exe" [_thread_in_native, id=12588, stack(0x000000001d4a0000,0x000000001d5a0000)]
  0x000000001aba5000 JavaThread "ProcessWaitFor: fsnotifier64.exe" [_thread_in_native, id=1904, stack(0x000000001d3a0000,0x000000001d4a0000)]
  0x000000001828d000 JavaThread "AWT-EventQueue-0 2017.2.5#IU-172.4343.14 IDEA, eap:false, os:Windows 10 10.0, java-version:JetBrains s.r.o 1.8.0_152-release-915-b12" [_thread_blocked, id=2876, stack(0x000000001b900000,0x000000001ba00000)]
  0x000000001a86f000 JavaThread "AWT-Shutdown" [_thread_blocked, id=9492, stack(0x000000001b800000,0x000000001b900000)]
  0x0000000016d99800 JavaThread "Periodic tasks thread" daemon [_thread_blocked, id=1140, stack(0x0000000019cf0000,0x0000000019df0000)]
  0x0000000017e5b000 JavaThread "Netty Builtin Server 1" [_thread_in_native, id=9788, stack(0x00000000196f0000,0x00000000197f0000)]
  0x0000000017575000 JavaThread "AWT-Windows" daemon [_thread_in_native, id=10192, stack(0x00000000189e0000,0x0000000018ae0000)]
  0x0000000017559800 JavaThread "Java2D Disposer" daemon [_thread_blocked, id=216, stack(0x00000000187e0000,0x00000000188e0000)]
  0x00000000160e5800 JavaThread "Service Thread" daemon [_thread_blocked, id=4508, stack(0x0000000016a10000,0x0000000016b10000)]
  0x00000000160a2000 JavaThread "C1 CompilerThread2" daemon [_thread_blocked, id=12336, stack(0x0000000016910000,0x0000000016a10000)]
  0x000000001606e000 JavaThread "C2 CompilerThread1" daemon [_thread_blocked, id=12008, stack(0x0000000016810000,0x0000000016910000)]
=>0x000000001606b000 JavaThread "C2 CompilerThread0" daemon [_thread_in_native, id=5080, stack(0x0000000016710000,0x0000000016810000)]
  0x000000001606a000 JavaThread "Attach Listener" daemon [_thread_blocked, id=11156, stack(0x0000000016610000,0x0000000016710000)]
  0x0000000016069800 JavaThread "Signal Dispatcher" daemon [_thread_blocked, id=11076, stack(0x0000000016510000,0x0000000016610000)]
  0x00000000154f8800 JavaThread "Surrogate Locker Thread (Concurrent GC)" daemon [_thread_blocked, id=12528, stack(0x0000000016410000,0x0000000016510000)]
  0x00000000154e7800 JavaThread "Finalizer" daemon [_thread_blocked, id=11500, stack(0x0000000015f10000,0x0000000016010000)]
  0x00000000154bf800 JavaThread "Reference Handler" daemon [_thread_blocked, id=11292, stack(0x0000000015e10000,0x0000000015f10000)]
  0x0000000002662800 JavaThread "main" [_thread_blocked, id=10360, stack(0x0000000000050000,0x0000000000150000)]

Other Threads:
  0x00000000154b3800 VMThread [stack: 0x0000000015d10000,0x0000000015e10000] [id=2324]
  0x00000000160ea000 WatcherThread [stack: 0x0000000016b10000,0x0000000016c10000] [id=10732]

VM state:not at safepoint (normal execution)

VM Mutex/Monitor currently owned by a thread: None

Heap:
 par new generation   total 39296K, used 23595K [0x00000000d1200000, 0x00000000d3ca0000, 0x00000000e0c00000)
  eden space 34944K,  64% used [0x00000000d1200000, 0x00000000d27d8458, 0x00000000d3420000)
  from space 4352K,  28% used [0x00000000d3860000, 0x00000000d39928d8, 0x00000000d3ca0000)
  to   space 4352K,   0% used [0x00000000d3420000, 0x00000000d3420000, 0x00000000d3860000)
 concurrent mark-sweep generation total 293120K, used 231780K [0x00000000e0c00000, 0x00000000f2a40000, 0x0000000100000000)
 Metaspace       used 285725K, capacity 303796K, committed 305640K, reserved 1310720K
  class space    used 40655K, capacity 44810K, committed 45124K, reserved 1048576K

Card table byte_map: [0x0000000011f20000,0x00000000120a0000] byte_map_base: 0x0000000011897000

Marking Bits: (CMSBitMap*) 0x00000000026ba5d8
 Bits: [0x00000000125e0000, 0x0000000012db0000)

Mod Union Table: (CMSBitMap*) 0x00000000026ba698
 Bits: [0x00000000020c0000, 0x00000000020df400)

Polling page: 0x00000000004f0000

CodeCache: size=245760Kb used=137468Kb max_used=138228Kb free=108291Kb
 bounds [0x0000000002760000, 0x000000000af20000, 0x0000000011760000]
 total_blobs=33984 nmethods=32725 adapters=1164
 compilation: enabled

Compilation events (10 events):
Event: 5526.823 Thread 0x000000001606e000 nmethod 47432 0x000000000692fe50 code [0x0000000006930080, 0x0000000006930d30]
Event: 5526.826 Thread 0x00000000160a2000 nmethod 47424 0x000000000a8b2150 code [0x000000000a8b2360, 0x000000000a8b2f88]
Event: 5554.925 Thread 0x000000001606e000 47433   !   4       com.intellij.diagnostic.PerformanceWatcher::d (119 bytes)
Event: 5555.759 Thread 0x000000001606e000 nmethod 47433 0x00000000063778d0 code [0x0000000006378040, 0x000000000637c3b0]
Event: 5555.761 Thread 0x000000001606e000 47434   !   4       com.intellij.openapi.actionSystem.impl.ActionButton::getPopState (63 bytes)
Event: 5555.935 Thread 0x000000001606e000 nmethod 47434 0x0000000005ded6d0 code [0x0000000005ded920, 0x0000000005deef18]
Event: 5555.938 Thread 0x000000001606e000 47435       4       com.intellij.diagnostic.PerformanceWatcher$$Lambda$131/2008056375::run (8 bytes)
Event: 5555.942 Thread 0x000000001606e000 nmethod 47435 0x000000000692fb50 code [0x000000000692fca0, 0x000000000692fd48]
Event: 5555.942 Thread 0x000000001606e000 47436       4       com.intellij.diagnostic.PerformanceWatcher$SwingThreadRunnable::run (52 bytes)
Event: 5555.959 Thread 0x000000001606e000 nmethod 47436 0x0000000003bed310 code [0x0000000003bed460, 0x0000000003bed778]

GC Heap History (10 events):
Event: 5422.384 GC heap before
{Heap before GC invocations=338 (full 11):
 par new generation   total 39296K, used 36132K [0x00000000d1200000, 0x00000000d3ca0000, 0x00000000e0c00000)
  eden space 34944K, 100% used [0x00000000d1200000, 0x00000000d3420000, 0x00000000d3420000)
  from space 4352K,  27% used [0x00000000d3420000, 0x00000000d3549238, 0x00000000d3860000)
  to   space 4352K,   0% used [0x00000000d3860000, 0x00000000d3860000, 0x00000000d3ca0000)
 concurrent mark-sweep generation total 293120K, used 231563K [0x00000000e0c00000, 0x00000000f2a40000, 0x0000000100000000)
 Metaspace       used 285637K, capacity 303640K, committed 305640K, reserved 1310720K
  class space    used 40641K, capacity 44784K, committed 45124K, reserved 1048576K
Event: 5423.803 GC heap after
Heap after GC invocations=339 (full 11):
 par new generation   total 39296K, used 1002K [0x00000000d1200000, 0x00000000d3ca0000, 0x00000000e0c00000)
  eden space 34944K,   0% used [0x00000000d1200000, 0x00000000d1200000, 0x00000000d3420000)
  from space 4352K,  23% used [0x00000000d3860000, 0x00000000d395aa98, 0x00000000d3ca0000)
  to   space 4352K,   0% used [0x00000000d3420000, 0x00000000d3420000, 0x00000000d3860000)
 concurrent mark-sweep generation total 293120K, used 231563K [0x00000000e0c00000, 0x00000000f2a40000, 0x0000000100000000)
 Metaspace       used 285637K, capacity 303640K, committed 305640K, reserved 1310720K
  class space    used 40641K, capacity 44784K, committed 45124K, reserved 1048576K
}
Event: 5475.284 GC heap before
{Heap before GC invocations=339 (full 11):
 par new generation   total 39296K, used 35946K [0x00000000d1200000, 0x00000000d3ca0000, 0x00000000e0c00000)
  eden space 34944K, 100% used [0x00000000d1200000, 0x00000000d3420000, 0x00000000d3420000)
  from space 4352K,  23% used [0x00000000d3860000, 0x00000000d395aa98, 0x00000000d3ca0000)
  to   space 4352K,   0% used [0x00000000d3420000, 0x00000000d3420000, 0x00000000d3860000)
 concurrent mark-sweep generation total 293120K, used 231563K [0x00000000e0c00000, 0x00000000f2a40000, 0x0000000100000000)
 Metaspace       used 285691K, capacity 303766K, committed 305640K, reserved 1310720K
  class space    used 40652K, capacity 44805K, committed 45124K, reserved 1048576K
Event: 5476.193 GC heap after
Heap after GC invocations=340 (full 11):
 par new generation   total 39296K, used 966K [0x00000000d1200000, 0x00000000d3ca0000, 0x00000000e0c00000)
  eden space 34944K,   0% used [0x00000000d1200000, 0x00000000d1200000, 0x00000000d3420000)
  from space 4352K,  22% used [0x00000000d3420000, 0x00000000d3511b40, 0x00000000d3860000)
  to   space 4352K,   0% used [0x00000000d3860000, 0x00000000d3860000, 0x00000000d3ca0000)
 concurrent mark-sweep generation total 293120K, used 231563K [0x00000000e0c00000, 0x00000000f2a40000, 0x0000000100000000)
 Metaspace       used 285691K, capacity 303766K, committed 305640K, reserved 1310720K
  class space    used 40652K, capacity 44805K, committed 45124K, reserved 1048576K
}
Event: 5496.235 GC heap before
{Heap before GC invocations=340 (full 11):
 par new generation   total 39296K, used 35910K [0x00000000d1200000, 0x00000000d3ca0000, 0x00000000e0c00000)
  eden space 34944K, 100% used [0x00000000d1200000, 0x00000000d3420000, 0x00000000d3420000)
  from space 4352K,  22% used [0x00000000d3420000, 0x00000000d3511b40, 0x00000000d3860000)
  to   space 4352K,   0% used [0x00000000d3860000, 0x00000000d3860000, 0x00000000d3ca0000)
 concurrent mark-sweep generation total 293120K, used 231563K [0x00000000e0c00000, 0x00000000f2a40000, 0x0000000100000000)
 Metaspace       used 285694K, capacity 303766K, committed 305640K, reserved 1310720K
  class space    used 40653K, capacity 44805K, committed 45124K, reserved 1048576K
Event: 5496.280 GC heap after
Heap after GC invocations=341 (full 11):
 par new generation   total 39296K, used 1101K [0x00000000d1200000, 0x00000000d3ca0000, 0x00000000e0c00000)
  eden space 34944K,   0% used [0x00000000d1200000, 0x00000000d1200000, 0x00000000d3420000)
  from space 4352K,  25% used [0x00000000d3860000, 0x00000000d3973678, 0x00000000d3ca0000)
  to   space 4352K,   0% used [0x00000000d3420000, 0x00000000d3420000, 0x00000000d3860000)
 concurrent mark-sweep generation total 293120K, used 231618K [0x00000000e0c00000, 0x00000000f2a40000, 0x0000000100000000)
 Metaspace       used 285694K, capacity 303766K, committed 305640K, reserved 1310720K
  class space    used 40653K, capacity 44805K, committed 45124K, reserved 1048576K
}
Event: 5507.410 GC heap before
{Heap before GC invocations=341 (full 11):
 par new generation   total 39296K, used 36045K [0x00000000d1200000, 0x00000000d3ca0000, 0x00000000e0c00000)
  eden space 34944K, 100% used [0x00000000d1200000, 0x00000000d3420000, 0x00000000d3420000)
  from space 4352K,  25% used [0x00000000d3860000, 0x00000000d3973678, 0x00000000d3ca0000)
  to   space 4352K,   0% used [0x00000000d3420000, 0x00000000d3420000, 0x00000000d3860000)
 concurrent mark-sweep generation total 293120K, used 231618K [0x00000000e0c00000, 0x00000000f2a40000, 0x0000000100000000)
 Metaspace       used 285694K, capacity 303766K, committed 305640K, reserved 1310720K
  class space    used 40653K, capacity 44805K, committed 45124K, reserved 1048576K
Event: 5507.521 GC heap after
Heap after GC invocations=342 (full 11):
 par new generation   total 39296K, used 1168K [0x00000000d1200000, 0x00000000d3ca0000, 0x00000000e0c00000)
  eden space 34944K,   0% used [0x00000000d1200000, 0x00000000d1200000, 0x00000000d3420000)
  from space 4352K,  26% used [0x00000000d3420000, 0x00000000d3544168, 0x00000000d3860000)
  to   space 4352K,   0% used [0x00000000d3860000, 0x00000000d3860000, 0x00000000d3ca0000)
 concurrent mark-sweep generation total 293120K, used 231743K [0x00000000e0c00000, 0x00000000f2a40000, 0x0000000100000000)
 Metaspace       used 285694K, capacity 303766K, committed 305640K, reserved 1310720K
  class space    used 40653K, capacity 44805K, committed 45124K, reserved 1048576K
}
Event: 5524.160 GC heap before
{Heap before GC invocations=342 (full 11):
 par new generation   total 39296K, used 36112K [0x00000000d1200000, 0x00000000d3ca0000, 0x00000000e0c00000)
  eden space 34944K, 100% used [0x00000000d1200000, 0x00000000d3420000, 0x00000000d3420000)
  from space 4352K,  26% used [0x00000000d3420000, 0x00000000d3544168, 0x00000000d3860000)
  to   space 4352K,   0% used [0x00000000d3860000, 0x00000000d3860000, 0x00000000d3ca0000)
 concurrent mark-sweep generation total 293120K, used 231743K [0x00000000e0c00000, 0x00000000f2a40000, 0x0000000100000000)
 Metaspace       used 285722K, capacity 303796K, committed 305640K, reserved 1310720K
  class space    used 40655K, capacity 44810K, committed 45124K, reserved 1048576K
Event: 5524.186 GC heap after
Heap after GC invocations=343 (full 11):
 par new generation   total 39296K, used 1226K [0x00000000d1200000, 0x00000000d3ca0000, 0x00000000e0c00000)
  eden space 34944K,   0% used [0x00000000d1200000, 0x00000000d1200000, 0x00000000d3420000)
  from space 4352K,  28% used [0x00000000d3860000, 0x00000000d39928d8, 0x00000000d3ca0000)
  to   space 4352K,   0% used [0x00000000d3420000, 0x00000000d3420000, 0x00000000d3860000)
 concurrent mark-sweep generation total 293120K, used 231780K [0x00000000e0c00000, 0x00000000f2a40000, 0x0000000100000000)
 Metaspace       used 285722K, capacity 303796K, committed 305640K, reserved 1310720K
  class space    used 40655K, capacity 44810K, committed 45124K, reserved 1048576K
}

Deoptimization events (10 events):
Event: 5319.306 Thread 0x000000001828d000 Uncommon trap: reason=bimorphic action=maybe_recompile pc=0x000000000811eaa8 method=com.intellij.ide.navigationToolbar.NavBarPanel.getData(Ljava/lang/String;)Ljava/lang/Object; @ 191
Event: 5319.312 Thread 0x000000001828d000 Uncommon trap: reason=bimorphic action=maybe_recompile pc=0x000000000811eaa8 method=com.intellij.ide.navigationToolbar.NavBarPanel.getData(Ljava/lang/String;)Ljava/lang/Object; @ 191
Event: 5356.984 Thread 0x00000000181a5800 Uncommon trap: reason=unstable_if action=reinterpret pc=0x00000000038efb2c method=java.io.WinNTFileSystem.resolve(Ljava/lang/String;Ljava/lang/String;)Ljava/lang/String; @ 36
Event: 5357.319 Thread 0x000000001a989800 Uncommon trap: reason=bimorphic action=maybe_recompile pc=0x0000000006c0dae4 method=com.intellij.util.indexing.FileBasedIndexImpl.a(Lcom/intellij/util/indexing/IdFilter;Lcom/intellij/openapi/vfs/newvfs/persistent/PersistentFS;Lcom/intellij/psi/search/Glob
Event: 5449.831 Thread 0x000000001828d000 Uncommon trap: reason=unstable_if action=reinterpret pc=0x0000000007c0d4c8 method=com.intellij.ide.IdeEventQueue.fixStickyFocusedComponents(Ljava/awt/AWTEvent;)V @ 111
Event: 5463.689 Thread 0x000000003587e800 Uncommon trap: reason=bimorphic action=maybe_recompile pc=0x0000000006c0dae4 method=com.intellij.util.indexing.FileBasedIndexImpl.a(Lcom/intellij/util/indexing/IdFilter;Lcom/intellij/openapi/vfs/newvfs/persistent/PersistentFS;Lcom/intellij/psi/search/Glob
Event: 5480.354 Thread 0x000000001828d000 Uncommon trap: reason=unstable_if action=reinterpret pc=0x0000000009156fd8 method=com.intellij.openapi.wm.impl.status.InlineProgressIndicator.c()Z @ 11
Event: 5480.366 Thread 0x000000001828d000 Uncommon trap: reason=unstable_if action=reinterpret pc=0x0000000007020618 method=com.intellij.ui.InplaceButton.paintComponent(Ljava/awt/Graphics;)V @ 9
Event: 5576.919 Thread 0x00000000181a5800 Uncommon trap: reason=unstable_if action=reinterpret pc=0x00000000076663f8 method=com.intellij.openapi.vfs.impl.local.NativeFileWatcherImpl$MyProcessHandler.a(Ljava/lang/String;Lcom/intellij/openapi/vfs/impl/local/NativeFileWatcherImpl$WatcherOp;)V @ 10
Event: 5577.934 Thread 0x0000000021ab2000 Uncommon trap: reason=unstable_if action=reinterpret pc=0x000000000918c528 method=com.intellij.openapi.vfs.impl.local.FileWatcher$DirtyPaths.isEmpty()Z @ 21

Classes redefined (0 events):
No events

Internal exceptions (10 events):
Event: 5191.275 Thread 0x000000001828d000 Exception <a 'java/lang/ArrayIndexOutOfBoundsException': 37> (0x00000000d2a44b80) thrown at [C:\BuildAgent\work\d332137835c821ac\hotspot\src\share\vm\interpreter\interpreterRuntime.cpp, line 366]
Event: 5195.359 Thread 0x000000001828d000 Implicit null exception at 0x000000000a8b249d to 0x000000000a8b32bd
Event: 5200.097 Thread 0x000000001828d000 Exception <a 'sun/nio/fs/WindowsException'> (0x00000000d1c82d48) thrown at [C:\BuildAgent\work\d332137835c821ac\hotspot\src\share\vm\prims\jni.cpp, line 709]
Event: 5200.230 Thread 0x000000001a98b000 Exception <a 'sun/nio/fs/WindowsException'> (0x00000000d1cd0a68) thrown at [C:\BuildAgent\work\d332137835c821ac\hotspot\src\share\vm\prims\jni.cpp, line 709]
Event: 5350.740 Thread 0x000000001828d000 Exception <a 'sun/nio/fs/WindowsException'> (0x00000000d2c7c7d8) thrown at [C:\BuildAgent\work\d332137835c821ac\hotspot\src\share\vm\prims\jni.cpp, line 709]
Event: 5350.935 Thread 0x0000000021abc000 Exception <a 'sun/nio/fs/WindowsException'> (0x00000000d2d79860) thrown at [C:\BuildAgent\work\d332137835c821ac\hotspot\src\share\vm\prims\jni.cpp, line 709]
Event: 5461.331 Thread 0x0000000021ab2000 Exception <a 'sun/nio/fs/WindowsException'> (0x00000000d293e468) thrown at [C:\BuildAgent\work\d332137835c821ac\hotspot\src\share\vm\prims\jni.cpp, line 709]
Event: 5462.399 Thread 0x000000001828d000 Exception <a 'sun/nio/fs/WindowsException'> (0x00000000d2ac3ca0) thrown at [C:\BuildAgent\work\d332137835c821ac\hotspot\src\share\vm\prims\jni.cpp, line 709]
Event: 5525.547 Thread 0x000000003587e800 Exception <a 'sun/nio/fs/WindowsException'> (0x00000000d136f970) thrown at [C:\BuildAgent\work\d332137835c821ac\hotspot\src\share\vm\prims\jni.cpp, line 709]
Event: 5526.238 Thread 0x000000001828d000 Exception <a 'sun/nio/fs/WindowsException'> (0x00000000d125d9b8) thrown at [C:\BuildAgent\work\d332137835c821ac\hotspot\src\share\vm\prims\jni.cpp, line 709]

Events (10 events):
Event: 5533.237 Thread 0x0000000021abc000 Thread exited: 0x0000000021abc000
Event: 5539.224 Thread 0x0000000035872000 Thread exited: 0x0000000035872000
Event: 5539.593 Thread 0x000000001a98b000 Thread exited: 0x000000001a98b000
Event: 5547.225 Thread 0x0000000021ab9000 Thread exited: 0x0000000021ab9000
Event: 5576.889 Thread 0x00000000181a5800 Uncommon trap: trap_request=0xffffff65 fr.pc=0x00000000076663f8
Event: 5576.919 Thread 0x00000000181a5800 DEOPT PACKING pc=0x00000000076663f8 sp=0x000000001d59f320
Event: 5576.926 Thread 0x00000000181a5800 DEOPT UNPACKING pc=0x00000000027a556a sp=0x000000001d59f298 mode 2
Event: 5577.894 Thread 0x0000000021ab2000 Uncommon trap: trap_request=0xffffff65 fr.pc=0x000000000918c528
Event: 5577.941 Thread 0x0000000021ab2000 DEOPT PACKING pc=0x000000000918c528 sp=0x0000000049f8f500
Event: 5577.947 Thread 0x0000000021ab2000 DEOPT UNPACKING pc=0x00000000027a556a sp=0x0000000049f8f370 mode 2


Dynamic libraries:
0x0000000140000000 - 0x000000014014c000 	D:\Program Files\JetBrains\IntelliJ IDEA 2017.2.5\bin\idea64.exe
0x00007fffab1b0000 - 0x00007fffab38b000 	C:\WINDOWS\SYSTEM32\ntdll.dll
0x00007fffa8980000 - 0x00007fffa8a2e000 	C:\WINDOWS\System32\KERNEL32.DLL
0x00007fffa7be0000 - 0x00007fffa7e29000 	C:\WINDOWS\System32\KERNELBASE.dll
0x00007fffa8a30000 - 0x00007fffa8b7a000 	C:\WINDOWS\System32\USER32.dll
0x00007fffa7fe0000 - 0x00007fffa7ffe000 	C:\WINDOWS\System32\win32u.dll
0x00007fffa94f0000 - 0x00007fffa9517000 	C:\WINDOWS\System32\GDI32.dll
0x00007fffa8030000 - 0x00007fffa81b8000 	C:\WINDOWS\System32\gdi32full.dll
0x00007fffa8450000 - 0x00007fffa84ea000 	C:\WINDOWS\System32\msvcp_win.dll
0x00007fffa7e90000 - 0x00007fffa7f86000 	C:\WINDOWS\System32\ucrtbase.dll
0x00007fffa8560000 - 0x00007fffa8601000 	C:\WINDOWS\System32\ADVAPI32.dll
0x00007fffa88d0000 - 0x00007fffa896d000 	C:\WINDOWS\System32\msvcrt.dll
0x00007fffaab30000 - 0x00007fffaab89000 	C:\WINDOWS\System32\sechost.dll
0x00007fffa87a0000 - 0x00007fffa88c5000 	C:\WINDOWS\System32\RPCRT4.dll
0x00007fffa9540000 - 0x00007fffaa976000 	C:\WINDOWS\System32\SHELL32.dll
0x00007fffa7f90000 - 0x00007fffa7fd9000 	C:\WINDOWS\System32\cfgmgr32.dll
0x00007fffa8cf0000 - 0x00007fffa8d9a000 	C:\WINDOWS\System32\shcore.dll
0x00007fffaab90000 - 0x00007fffaae89000 	C:\WINDOWS\System32\combase.dll
0x00007fffa84f0000 - 0x00007fffa855a000 	C:\WINDOWS\System32\bcryptPrimitives.dll
0x00007fffa7490000 - 0x00007fffa7b83000 	C:\WINDOWS\System32\windows.storage.dll
0x00007fffaae90000 - 0x00007fffaaee1000 	C:\WINDOWS\System32\shlwapi.dll
0x00007fffa7420000 - 0x00007fffa7431000 	C:\WINDOWS\System32\kernel.appcore.dll
0x00007fffa7b90000 - 0x00007fffa7bdc000 	C:\WINDOWS\System32\powrprof.dll
0x00007fffa7400000 - 0x00007fffa7415000 	C:\WINDOWS\System32\profapi.dll
0x00007fffa9080000 - 0x00007fffa90ad000 	C:\WINDOWS\System32\IMM32.DLL
0x00000000508c0000 - 0x00000000510fe000 	D:\Program Files\JetBrains\IntelliJ IDEA 2017.2.5\jre64\bin\server\jvm.dll
0x00007fffa8000000 - 0x00007fffa8023000 	C:\WINDOWS\System32\WINMM.dll
0x00007fffa7440000 - 0x00007fffa746b000 	C:\WINDOWS\System32\WINMMBASE.dll
0x00007fffa8610000 - 0x00007fffa8618000 	C:\WINDOWS\System32\PSAPI.DLL
0x00007fff9c570000 - 0x00007fff9c579000 	C:\WINDOWS\SYSTEM32\WSOCK32.dll
0x00007fffa86a0000 - 0x00007fffa870c000 	C:\WINDOWS\System32\WS2_32.dll
0x0000000051bb0000 - 0x0000000051c82000 	C:\WINDOWS\SYSTEM32\MSVCR100.dll
0x00007fff98460000 - 0x00007fff9846a000 	C:\WINDOWS\SYSTEM32\VERSION.dll
0x00007fffa43d0000 - 0x00007fffa43df000 	D:\Program Files\JetBrains\IntelliJ IDEA 2017.2.5\jre64\bin\verify.dll
0x00007fff99410000 - 0x00007fff99439000 	D:\Program Files\JetBrains\IntelliJ IDEA 2017.2.5\jre64\bin\java.dll
0x00007fffa43b0000 - 0x00007fffa43c6000 	D:\Program Files\JetBrains\IntelliJ IDEA 2017.2.5\jre64\bin\zip.dll
0x00007fff6cb90000 - 0x00007fff6cd25000 	D:\Program Files\JetBrains\IntelliJ IDEA 2017.2.5\jre64\bin\awt.dll
0x00007fffa8fc0000 - 0x00007fffa9080000 	C:\WINDOWS\System32\OLEAUT32.dll
0x00007fffa4ef0000 - 0x00007fffa5494000 	C:\WINDOWS\SYSTEM32\d2d1.dll
0x00007fffa8270000 - 0x00007fffa8439000 	C:\WINDOWS\System32\CRYPT32.dll
0x00007fffa7470000 - 0x00007fffa7481000 	C:\WINDOWS\System32\MSASN1.dll
0x00007fffa5ab0000 - 0x00007fffa5b2e000 	C:\WINDOWS\SYSTEM32\apphelp.dll
0x00007fff7ca30000 - 0x00007fff7cad6000 	C:\WINDOWS\WinSxS\amd64_microsoft.windows.common-controls_6595b64144ccf1df_5.82.15063.413_none_0e0f5dcc67adff4e\COMCTL32.dll
0x00007fffa5c10000 - 0x00007fffa5ca5000 	C:\WINDOWS\system32\uxtheme.dll
0x00007fffa8b80000 - 0x00007fffa8ce6000 	C:\WINDOWS\System32\MSCTF.dll
0x00007fffa4680000 - 0x00007fffa46aa000 	C:\WINDOWS\system32\dwmapi.dll
0x00007fffaaf00000 - 0x00007fffab045000 	C:\WINDOWS\System32\ole32.dll
0x00007fff887b0000 - 0x00007fff888d1000 	C:\WINDOWS\system32\opengl32.dll
0x00007fff88e90000 - 0x00007fff88ebc000 	C:\WINDOWS\SYSTEM32\GLU32.dll
0x00007fff6caf0000 - 0x00007fff6cb82000 	D:\Program Files\JetBrains\IntelliJ IDEA 2017.2.5\jre64\bin\freetype.dll
0x00007fff6ca40000 - 0x00007fff6cae4000 	D:\Program Files\JetBrains\IntelliJ IDEA 2017.2.5\jre64\bin\fontmanager.dll
0x00007fff9a640000 - 0x00007fff9a65a000 	D:\Program Files\JetBrains\IntelliJ IDEA 2017.2.5\jre64\bin\net.dll
0x00007fffa6ce0000 - 0x00007fffa6d3c000 	C:\WINDOWS\system32\mswsock.dll
0x00007fff9a5e0000 - 0x00007fff9a5f1000 	D:\Program Files\JetBrains\IntelliJ IDEA 2017.2.5\jre64\bin\nio.dll
0x00007fffa6e80000 - 0x00007fffa6e97000 	C:\WINDOWS\SYSTEM32\CRYPTSP.dll
0x00007fffa6900000 - 0x00007fffa6934000 	C:\WINDOWS\system32\rsaenh.dll
0x00007fffa6f90000 - 0x00007fffa6fb5000 	C:\WINDOWS\SYSTEM32\bcrypt.dll
0x00007fffa7300000 - 0x00007fffa7329000 	C:\WINDOWS\SYSTEM32\USERENV.dll
0x00007fffa6ea0000 - 0x00007fffa6eab000 	C:\WINDOWS\SYSTEM32\CRYPTBASE.dll
0x00007fffa6a80000 - 0x00007fffa6ab7000 	C:\WINDOWS\SYSTEM32\IPHLPAPI.DLL
0x00007fffa8970000 - 0x00007fffa8978000 	C:\WINDOWS\System32\NSI.dll
0x00007fff9c880000 - 0x00007fff9c896000 	C:\WINDOWS\SYSTEM32\dhcpcsvc6.DLL
0x00007fff9dd90000 - 0x00007fff9ddaa000 	C:\WINDOWS\SYSTEM32\dhcpcsvc.DLL
0x00007fff99300000 - 0x00007fff9930d000 	D:\Program Files\JetBrains\IntelliJ IDEA 2017.2.5\jre64\bin\management.dll
0x00007fff806d0000 - 0x00007fff806f5000 	C:\Users\79001\.IntelliJIdea2017.2\system\tmp\jna7095881328732047433.dll
0x00007fff815d0000 - 0x00007fff815eb000 	D:\Program Files\JetBrains\IntelliJ IDEA 2017.2.5\bin\IdeaWin64.dll
0x00007fff809a0000 - 0x00007fff809b6000 	C:\WINDOWS\system32\napinsp.dll
0x00007fff80980000 - 0x00007fff8099a000 	C:\WINDOWS\system32\pnrpnsp.dll
0x00007fffa4310000 - 0x00007fffa4328000 	C:\WINDOWS\system32\NLAapi.dll
0x00007fffa6ac0000 - 0x00007fffa6b64000 	C:\WINDOWS\SYSTEM32\DNSAPI.dll
0x00007fff7f980000 - 0x00007fff7f98e000 	C:\WINDOWS\System32\winrnr.dll
0x00007fff9a360000 - 0x00007fff9a3cb000 	C:\WINDOWS\System32\fwpuclnt.dll
0x00007fff97560000 - 0x00007fff9756a000 	C:\Windows\System32\rasadhlp.dll
0x00007fff73350000 - 0x00007fff73374000 	D:\Program Files\JetBrains\IntelliJ IDEA 2017.2.5\jre64\bin\sunec.dll
0x00007fff99f10000 - 0x00007fff99fe7000 	C:\WINDOWS\SYSTEM32\winhttp.dll
0x00007fff72aa0000 - 0x00007fff72ada000 	D:\Program Files\JetBrains\IntelliJ IDEA 2017.2.5\jre64\bin\splashscreen.dll
0x00007fff97420000 - 0x00007fff97427000 	D:\Program Files\JetBrains\IntelliJ IDEA 2017.2.5\jre64\bin\jawt.dll
0x00007fffaa980000 - 0x00007fffaaa1e000 	C:\WINDOWS\System32\clbcatq.dll
0x00007fff9d720000 - 0x00007fff9d987000 	C:\WINDOWS\WinSxS\amd64_microsoft.windows.common-controls_6595b64144ccf1df_6.0.15063.483_none_26002d27e7c744a2\comctl32.dll
0x00007fffa3f90000 - 0x00007fffa413c000 	C:\WINDOWS\SYSTEM32\WindowsCodecs.dll
0x00007fffa3890000 - 0x00007fffa38d7000 	C:\WINDOWS\system32\dataexchange.dll
0x00007fffa4b20000 - 0x00007fffa4dff000 	C:\WINDOWS\system32\d3d11.dll
0x00007fffa54d0000 - 0x00007fffa55f2000 	C:\WINDOWS\system32\dcomp.dll
0x00007fffa6320000 - 0x00007fffa63c4000 	C:\WINDOWS\system32\dxgi.dll
0x00007fffa5e60000 - 0x00007fffa5fd0000 	C:\WINDOWS\system32\twinapi.appcore.dll
0x00007fff9fa50000 - 0x00007fff9fad2000 	C:\WINDOWS\System32\TextInputFramework.dll
0x00007fffa4e00000 - 0x00007fffa4ee3000 	C:\WINDOWS\System32\CoreMessaging.dll
0x00007fffa3ba0000 - 0x00007fffa3e72000 	C:\WINDOWS\System32\CoreUIComponents.dll
0x00007fffa3a60000 - 0x00007fffa3b99000 	C:\WINDOWS\SYSTEM32\wintypes.dll
0x00007fffa41b0000 - 0x00007fffa41c5000 	C:\WINDOWS\SYSTEM32\usermgrcli.dll
0x00007fffa66b0000 - 0x00007fffa66e1000 	C:\WINDOWS\SYSTEM32\ntmarta.dll
0x00007fff93e40000 - 0x00007fff93e4b000 	D:\Program Files\JetBrains\IntelliJ IDEA 2017.2.5\jre64\bin\sunmscapi.dll
0x00007fff87580000 - 0x00007fff87a02000 	C:\WINDOWS\system32\explorerframe.dll
0x00007fffa0bd0000 - 0x00007fffa1101000 	C:\Windows\System32\OneCoreUAPCommonProxyStub.dll
0x00007fff7cc90000 - 0x00007fff7cd83000 	C:\WINDOWS\system32\msctfuimanager.dll
0x00007fff7cae0000 - 0x00007fff7cc8b000 	C:\WINDOWS\system32\DUI70.dll
0x00007fff8f7b0000 - 0x00007fff8f843000 	C:\WINDOWS\system32\DUser.dll
0x00007fff868f0000 - 0x00007fff86ab5000 	C:\WINDOWS\SYSTEM32\UIAutomationCore.dll
0x00007fffa7240000 - 0x00007fffa72da000 	C:\WINDOWS\SYSTEM32\sxs.dll
0x00007fffa35a0000 - 0x00007fffa35e6000 	C:\WINDOWS\System32\UIAnimation.dll
0x00007fff8ea50000 - 0x00007fff8eabb000 	C:\Windows\System32\oleacc.dll
0x00007fff9dfa0000 - 0x00007fff9e25f000 	C:\WINDOWS\system32\dwrite.dll
0x00007fff9cff0000 - 0x00007fff9d078000 	C:\WINDOWS\system32\directmanipulation.dll
0x00007fffa17b0000 - 0x00007fffa17e5000 	C:\WINDOWS\system32\xmllite.dll
0x00007fff6d670000 - 0x00007fff6d945000 	C:\WINDOWS\SYSTEM32\D3D10Warp.dll
0x00007fff72050000 - 0x00007fff720f4000 	D:\Program Files\JetBrains\IntelliJ IDEA 2017.2.5\lib\libpty\win\x86_64\winpty.dll

VM Arguments:
jvm_args: -Xms128m -Xmx750m -XX:ReservedCodeCacheSize=240m -XX:+UseConcMarkSweepGC -XX:SoftRefLRUPolicyMSPerMB=50 -ea -Dsun.io.useCanonCaches=false -Djava.net.preferIPv4Stack=true -XX:+HeapDumpOnOutOfMemoryError -XX:-OmitStackTraceInFastThrow -Djb.vmOptionsFile=D:\Program Files\JetBrains\IntelliJ IDEA 2017.2.5\bin\idea64.exe.vmoptions -Xbootclasspath/a:D:\Program Files\JetBrains\IntelliJ IDEA 2017.2.5\lib\boot.jar -Didea.jre.check=true -Didea.paths.selector=IntelliJIdea2017.2 -XX:ErrorFile=C:\Users\79001\java_error_in_idea_%p.log -XX:HeapDumpPath=C:\Users\79001\java_error_in_idea.hprof 
java_command: <unknown>
java_class_path (initial): D:\Program Files\JetBrains\IntelliJ IDEA 2017.2.5\lib\bootstrap.jar;D:\Program Files\JetBrains\IntelliJ IDEA 2017.2.5\lib\extensions.jar;D:\Program Files\JetBrains\IntelliJ IDEA 2017.2.5\lib\util.jar;D:\Program Files\JetBrains\IntelliJ IDEA 2017.2.5\lib\jdom.jar;D:\Program Files\JetBrains\IntelliJ IDEA 2017.2.5\lib\log4j.jar;D:\Program Files\JetBrains\IntelliJ IDEA 2017.2.5\lib\trove4j.jar;D:\Program Files\JetBrains\IntelliJ IDEA 2017.2.5\lib\jna.jar;D:\Program Files\JetBrains\IntelliJ IDEA 2017.2.5\jre64\lib\tools.jar
Launcher Type: generic

Environment Variables:
JAVA_HOME=C:\Program Files\Java\jdk1.8.0_101
PATH=D:\Users\79001\AppData\Local\Programs\Python\Python35\Scripts\;D:\Users\79001\AppData\Local\Programs\Python\Python35\;C:\ProgramData\Oracle\Java\javapath;C:\WINDOWS\system32;C:\WINDOWS;C:\WINDOWS\System32\Wbem;C:\WINDOWS\System32\WindowsPowerShell\v1.0\;C:\Program Files\Microsoft SQL Server\130\Tools\Binn\;C:\Program Files\Microsoft SQL Server\Client SDK\ODBC\110\Tools\Binn\;C:\Program Files (x86)\Microsoft SQL Server\120\Tools\Binn\;C:\Program Files\Microsoft SQL Server\120\Tools\Binn\;C:\Program Files\Microsoft SQL Server\120\DTS\Binn\;C:\Program Files (x86)\Microsoft SQL Server\120\Tools\Binn\ManagementStudio\;C:\Program Files (x86)\Microsoft SQL Server\120\DTS\Binn\;C:\Program Files\Java\jdk1.8.0_101\bin;D:\programming\ctags58;D:\programming\gradle-3.4.1-all\gradle-3.4.1\bin;D:\Program Files\Oracle\VirtualBox;C:\Users\79001\AppData\Local\GitHub\PortableGit_f02737a78695063deace08e96d5042710d3e32db\cmd;D:\Program Files\curl-7.54.0-win64-mingw\bin;D:\programming\gvim_8.0.0003_x64\vim\vim80;D:\Program Files\LLVM\bin;D:\Program Files\CMake\bin;D:\Program Files\7-Zip;C:\Program Files (x86)\Windows Kits\10\Windows Performance Toolkit\;D:\Program Files\nodejs\;C:\WINDOWS\system32\config\systemprofile\AppData\Roaming\npm;D:\Ruby24-x64\bin;C:\Users\79001\AppData\Local\Microsoft\WindowsApps;C:\Users\79001\AppData\Local\Microsoft\WindowsApps;C:\Users\79001\AppData\Roaming\npm;C:\Users\79001\AppData\Local\GitHubDesktop\bin
USERNAME=79001
OS=Windows_NT
PROCESSOR_IDENTIFIER=Intel64 Family 6 Model 76 Stepping 3, GenuineIntel



---------------  S Y S T E M  ---------------

OS: Windows 10.0 , 64 bit Build 15063 (10.0.15063.296)

CPU:total 4 (initial active 4) (4 cores per cpu, 1 threads per core) family 6 model 76 stepping 3, cmov, cx8, fxsr, mmx, sse, sse2, sse3, ssse3, sse4.1, sse4.2, popcnt, aes, clmul, erms, 3dnowpref, tsc, tscinvbit

Memory: 4k page, physical 4046496k(66576k free), swap 16629408k(4320k free)

vm_info: OpenJDK 64-Bit Server VM (25.152-b12) for windows-amd64 JRE (1.8.0_152-release-915-b12), built on Aug 30 2017 16:24:18 by "builduser" with MS VC++ 10.0 (VS2010)

time: Thu Nov 02 16:21:50 2017
elapsed time: 5578 seconds (0d 1h 32m 58s)

